    Excitation energy (eV)  Total oscillator strength
1                 8.413857               5.248972e-30
2                 8.413857               7.824227e-30
3                11.014513               4.447284e-01
4                11.014513               4.447284e-01
5                16.243994               3.021193e-31
6                16.243994               2.215485e-30
7                17.555740               1.069517e-30
8                18.340775               7.443309e-33
9                25.121014               4.369149e-30
10               25.121014               7.038302e-33
11               25.316110               7.427068e-31
12               25.316110               3.341068e-30
13               26.440733               4.106425e-02
14               26.616634               1.541114e-29
15               31.958608               1.637662e-31
16               31.958608               5.151198e-31
17               32.931340               2.108144e-04
18               32.931340               2.108144e-04
19               45.640642               3.369691e-33
