    Excitation energy (eV)  Total oscillator strength
1                 7.556462               4.512885e-30
2                 7.556462               7.165050e-30
3                 9.553337               4.979585e-01
4                 9.553337               4.979585e-01
5                14.790042               3.912841e-31
6                14.790042               6.291737e-32
7                15.544914               3.884220e-31
8                16.038832               3.776321e-32
9                23.648112               1.573723e-31
10               23.648112               1.380535e-32
11               23.835948               1.376131e-30
12               23.835948               3.186088e-32
13               24.406329               1.605801e-02
14               24.589635               1.031958e-28
15               29.867491               4.645398e-30
16               29.867491               6.069768e-31
17               30.004310               8.952100e-05
18               30.004310               8.952100e-05
19               42.822265               5.701848e-32
