     Excitation energy (eV)  Total oscillator strength Symmetry
1                 11.127398                        NaN       Ag
2                 11.909263                        NaN       Ag
3                 14.448822                        NaN       Ag
4                 15.127426                        NaN       Ag
5                 20.945937                        NaN       Ag
6                 23.315518                        NaN       Ag
7                 23.592555                        NaN       Ag
8                 23.956335                        NaN       Ag
9                 24.897418                        NaN       Ag
10                29.175780                        NaN       Ag
11                31.576332                        NaN       Ag
12                32.216815                        NaN       Ag
13                33.329848                        NaN       Ag
14                34.403509                        NaN       Ag
15                34.866217                        NaN       Ag
16                35.975474                        NaN       Ag
17                41.816817                        NaN       Ag
18                42.539609                        NaN       Ag
19                44.469055                        NaN       Ag
20                48.219199                        NaN       Ag
21                49.493009                        NaN       Ag
22                54.143350                        NaN       Ag
23                54.657765                        NaN       Ag
24                62.421104                        NaN       Ag
25               124.189605                        NaN       Ag
26               132.399486                        NaN       Ag
27               132.929357                        NaN       Ag
28               140.267112                        NaN       Ag
29               140.787634                        NaN       Ag
30               141.767680                        NaN       Ag
31               143.975961                        NaN       Ag
32               144.848005                        NaN       Ag
33               145.733853                        NaN       Ag
34               147.557425                        NaN       Ag
35               148.227013                        NaN       Ag
36               153.095892                        NaN       Ag
37               153.736219                        NaN       Ag
38               156.278711                        NaN       Ag
39               156.701187                        NaN       Ag
40               156.990458                        NaN       Ag
41               158.363695                        NaN       Ag
42               159.052728                        NaN       Ag
43               165.250587                        NaN       Ag
44               166.228230                        NaN       Ag
45               167.229044                        NaN       Ag
46               168.556560                        NaN       Ag
47               168.967749                        NaN       Ag
48               169.901394                        NaN       Ag
49               169.960301                        NaN       Ag
50               171.037312                        NaN       Ag
51               173.160302                        NaN       Ag
52               173.807987                        NaN       Ag
53               177.806926                        NaN       Ag
54               183.624582                        NaN       Ag
55               193.961635                        NaN       Ag
56               194.833983                        NaN       Ag
57               291.701419                        NaN       Ag
58               292.166326                        NaN       Ag
59               302.172610                        NaN       Ag
60               308.198303                        NaN       Ag
61               310.898517                        NaN       Ag
62               311.638695                        NaN       Ag
63               312.260856                        NaN       Ag
64               312.750797                        NaN       Ag
65               317.210746                        NaN       Ag
66               323.877756                        NaN       Ag
67               326.568202                        NaN       Ag
68               327.365877                        NaN       Ag
69               328.299745                        NaN       Ag
70               328.912110                        NaN       Ag
71               331.716000                        NaN       Ag
72               332.637678                        NaN       Ag
73               334.949939                        NaN       Ag
74               335.643721                        NaN       Ag
75               336.482539                        NaN       Ag
76               337.258962                        NaN       Ag
77               340.317796                        NaN       Ag
78               340.932801                        NaN       Ag
79               343.174557                        NaN       Ag
80               344.786125                        NaN       Ag
81               345.249644                        NaN       Ag
82               346.884043                        NaN       Ag
83               347.649146                        NaN       Ag
84               356.992207                        NaN       Ag
85               357.500951                        NaN       Ag
86               358.557706                        NaN       Ag
87               362.535305                        NaN       Ag
88               363.432901                        NaN       Ag
89               366.626294                        NaN       Ag
90               376.037983                        NaN       Ag
91               387.955460                        NaN       Ag
92               388.989140                        NaN       Ag
93                 7.763140               1.656990e-25      B3u
94                 9.153172               5.040655e-01      B3u
95                16.204804               4.790093e-29      B3u
96                18.037503               4.831039e-30      B3u
97                18.467735               6.349912e-04      B3u
98                18.999956               8.864440e-31      B3u
99                19.496833               2.336699e-30      B3u
100               19.957190               2.605518e-05      B3u
101               24.999170               5.998146e-30      B3u
102               26.840444               2.433281e-03      B3u
103               27.908420               3.059340e-29      B3u
104               28.583997               2.556880e-28      B3u
105               28.669109               7.482508e-04      B3u
106               29.955057               1.311591e-04      B3u
107               34.412165               1.676353e-29      B3u
108               35.377364               1.173014e-32      B3u
109               35.924904               1.233694e-06      B3u
110               36.531898               5.077287e-30      B3u
111               37.129291               3.486320e-31      B3u
112               37.835427               4.318919e-05      B3u
113               38.501170               6.061934e-31      B3u
114               39.179080               5.444961e-06      B3u
115               39.846927               1.124264e-30      B3u
116               40.944199               4.178285e-08      B3u
117               44.194778               5.493805e-30      B3u
118               46.690536               2.589805e-08      B3u
119               56.652671               1.135919e-30      B3u
120               59.187791               5.639705e-09      B3u
121              120.312258               1.617533e-27      B3u
122              120.439197               1.996257e-02      B3u
123              133.614750               7.314856e-33      B3u
124              134.137628               6.959565e-31      B3u
125              135.330755               6.412387e-06      B3u
126              135.519393               2.172800e-31      B3u
127              135.826664               3.467769e-30      B3u
128              136.026646               1.352365e-31      B3u
129              136.102097               1.049083e-29      B3u
130              136.269660               4.956900e-05      B3u
131              136.395246               8.263294e-30      B3u
132              136.536046               2.772467e-04      B3u
133              137.068595               1.578979e-37      B3u
134              137.660413               1.282058e-06      B3u
135              140.179481               5.112070e-31      B3u
136              140.311660               1.811399e-06      B3u
137              148.224480               1.099635e-33      B3u
138              148.501470               6.748962e-33      B3u
139              148.619684               4.098998e-07      B3u
140              148.881589               5.339482e-32      B3u
141              149.337875               7.487573e-33      B3u
142              149.455687               2.327126e-30      B3u
143              149.570565               1.698043e-07      B3u
144              149.899551               3.783632e-31      B3u
145              150.689334               1.297294e-32      B3u
146              151.007740               2.442723e-33      B3u
147              151.316002               2.948722e-07      B3u
148              151.391990               9.293665e-34      B3u
149              151.931578               2.375408e-33      B3u
150              152.125666               5.520184e-34      B3u
151              152.277035               2.142729e-32      B3u
152              152.460998               6.490074e-08      B3u
153              152.824482               7.327764e-31      B3u
154              153.133258               1.202342e-08      B3u
155              154.153952               2.823730e-31      B3u
156              154.278273               6.609200e-07      B3u
157              157.264727               3.777497e-31      B3u
158              157.366626               7.732242e-07      B3u
159              159.013087               1.840729e-32      B3u
160              159.125573               3.504596e-32      B3u
161              159.534397               9.070053e-33      B3u
162              159.968977               4.859091e-32      B3u
163              160.060247               3.581922e-07      B3u
164              160.106811               7.714736e-32      B3u
165              161.421949               9.679962e-32      B3u
166              161.466633               1.959914e-09      B3u
167              161.818500               7.314186e-08      B3u
168              162.025166               1.684489e-33      B3u
169                7.763140               8.079066e-26      B2u
170                9.153172               5.040655e-01      B2u
171               16.204804               2.877871e-29      B2u
172               18.037503               2.869712e-30      B2u
173               18.467735               6.349912e-04      B2u
174               18.999956               3.802300e-31      B2u
175               19.496833               3.051417e-30      B2u
176               19.957190               2.605518e-05      B2u
177               24.999170               2.311958e-30      B2u
178               26.840444               2.433281e-03      B2u
179               27.908420               4.196251e-29      B2u
180               28.583997               1.332961e-29      B2u
181               28.669109               7.482508e-04      B2u
182               29.955057               1.311591e-04      B2u
183               34.412165               3.188171e-30      B2u
184               35.377364               5.245027e-31      B2u
185               35.924904               1.233694e-06      B2u
186               36.531898               4.008762e-32      B2u
187               37.129291               1.307485e-29      B2u
188               37.835427               4.318919e-05      B2u
189               38.501170               9.094909e-32      B2u
190               39.179080               5.444961e-06      B2u
191               39.846927               3.319554e-30      B2u
192               40.944199               4.178285e-08      B2u
193               44.194778               2.269039e-30      B2u
194               46.690536               2.589805e-08      B2u
195               56.652671               3.230803e-30      B2u
196               59.187791               5.639705e-09      B2u
197              120.312258               7.313074e-28      B2u
198              120.439197               1.996257e-02      B2u
199              133.614750               1.441238e-32      B2u
200              134.137628               4.596649e-31      B2u
201              135.330755               6.412387e-06      B2u
202              135.519393               8.017219e-32      B2u
203              135.826664               8.215155e-29      B2u
204              136.026646               4.887016e-31      B2u
205              136.102097               1.504756e-30      B2u
206              136.269660               4.956900e-05      B2u
207              136.395246               9.601400e-31      B2u
208              136.536046               2.772467e-04      B2u
209              137.068595               2.498835e-31      B2u
210              137.660413               1.282058e-06      B2u
211              140.179481               9.314904e-32      B2u
212              140.311660               1.811399e-06      B2u
213              148.224480               4.887265e-34      B2u
214              148.501470               2.981825e-32      B2u
215              148.619684               4.098998e-07      B2u
216              148.881589               2.991152e-33      B2u
217              149.337875               4.213442e-33      B2u
218              149.455687               9.867318e-31      B2u
219              149.570565               1.698043e-07      B2u
220              149.899551               1.081101e-31      B2u
221              150.689334               4.926740e-33      B2u
222              151.007740               2.783284e-32      B2u
223              151.316002               2.948722e-07      B2u
224              151.391990               8.766652e-32      B2u
225              151.931578               6.809582e-33      B2u
226              152.125666               1.088161e-31      B2u
227              152.277035               3.575924e-32      B2u
228              152.460998               6.490074e-08      B2u
229              152.824482               2.017930e-33      B2u
230              153.133258               1.202342e-08      B2u
231              154.153952               4.214213e-31      B2u
232              154.278273               6.609200e-07      B2u
233              157.264727               9.760270e-32      B2u
234              157.366626               7.732242e-07      B2u
235              159.013087               6.621882e-34      B2u
236              159.125573               2.741772e-31      B2u
237              159.534397               3.998313e-35      B2u
238              159.968977               1.102541e-31      B2u
239              160.060247               3.581922e-07      B2u
240              160.106811               1.030554e-31      B2u
241              161.421949               4.955727e-31      B2u
242              161.466633               1.959914e-09      B2u
243              161.818500               7.314186e-08      B2u
244              162.025166               3.046090e-31      B2u
245               13.636361                        NaN      B1g
246               14.448822                        NaN      B1g
247               22.709674                        NaN      B1g
248               23.592555                        NaN      B1g
249               28.426204                        NaN      B1g
250               31.037059                        NaN      B1g
251               31.092780                        NaN      B1g
252               32.216815                        NaN      B1g
253               32.503865                        NaN      B1g
254               32.884743                        NaN      B1g
255               33.727864                        NaN      B1g
256               33.945272                        NaN      B1g
257               34.134976                        NaN      B1g
258               34.158013                        NaN      B1g
259               34.684274                        NaN      B1g
260               34.866217                        NaN      B1g
261               47.570812                        NaN      B1g
262               48.219199                        NaN      B1g
263               53.387112                        NaN      B1g
264               54.143350                        NaN      B1g
265              129.990703                        NaN      B1g
266              130.634456                        NaN      B1g
267              131.574235                        NaN      B1g
268              132.275369                        NaN      B1g
269              132.399486                        NaN      B1g
270              132.454513                        NaN      B1g
271              142.006060                        NaN      B1g
272              142.182800                        NaN      B1g
273              143.951716                        NaN      B1g
274              143.975961                        NaN      B1g
275              144.379144                        NaN      B1g
276              145.080850                        NaN      B1g
277              145.461948                        NaN      B1g
278              145.503299                        NaN      B1g
279              145.612446                        NaN      B1g
280              146.080793                        NaN      B1g
281              146.332294                        NaN      B1g
282              146.393993                        NaN      B1g
283              146.699580                        NaN      B1g
284              146.790384                        NaN      B1g
285              147.080286                        NaN      B1g
286              147.116039                        NaN      B1g
287              147.227198                        NaN      B1g
288              147.557425                        NaN      B1g
289              147.709907                        NaN      B1g
290              148.054114                        NaN      B1g
291              151.178285                        NaN      B1g
292              151.336786                        NaN      B1g
293              153.078422                        NaN      B1g
294              153.095892                        NaN      B1g
295              154.254368                        NaN      B1g
296              154.386874                        NaN      B1g
297              155.063142                        NaN      B1g
298              155.213028                        NaN      B1g
299              156.217676                        NaN      B1g
300                9.223508               1.137303e-27      B1u
301               10.585127               1.837424e-01      B1u
302               12.618023               3.697309e-28      B1u
303               12.945136               1.173218e-01      B1u
304               14.450475               8.856386e-29      B1u
305               15.023446               7.626330e-30      B1u
306               20.861157               9.071502e-31      B1u
307               21.958148               6.630924e-31      B1u
308               22.549312               4.128066e-05      B1u
309               23.427249               3.826490e-29      B1u
310               23.795411               8.298994e-03      B1u
311               24.829073               1.074696e-29      B1u
312               29.152267               8.918744e-05      B1u
313               30.982190               1.883225e-30      B1u
314               31.313965               8.370001e-29      B1u
315               31.572694               3.155991e-03      B1u
316               32.216578               1.825090e-29      B1u
317               32.509811               1.225387e-29      B1u
318               33.555474               4.639408e-05      B1u
319               33.846682               6.590280e-29      B1u
320               34.352964               2.041482e-03      B1u
321               34.434873               8.697460e-31      B1u
322               34.589523               1.322654e-30      B1u
323               35.830646               8.807490e-04      B1u
324               41.164777               2.720287e-30      B1u
325               41.593528               1.888635e-07      B1u
326               43.446214               4.355463e-31      B1u
327               44.796857               2.553307e-05      B1u
328               50.386941               3.857575e-31      B1u
329               50.994294               1.158628e-33      B1u
330               51.270789               9.145298e-31      B1u
331               51.871641               2.578755e-10      B1u
332              126.353513               3.809788e-26      B1u
333              126.390683               1.045507e-02      B1u
334              130.131081               1.508930e-29      B1u
335              130.434981               1.030170e-32      B1u
336              130.547845               4.402589e-31      B1u
337              130.851018               1.141546e-06      B1u
338              138.565548               7.767038e-31      B1u
339              138.904099               5.511302e-05      B1u
340              141.249912               1.383067e-32      B1u
341              141.546903               7.721585e-31      B1u
342              141.835730               6.121984e-07      B1u
343              141.877717               6.569482e-32      B1u
344              142.404886               3.392197e-31      B1u
345              142.660815               1.645923e-05      B1u
346              143.014185               1.476937e-31      B1u
347              143.703599               1.001285e-33      B1u
348              143.772466               6.775869e-32      B1u
349              143.895094               2.960890e-31      B1u
350              144.265281               3.193169e-05      B1u
351              144.472912               2.184049e-31      B1u
352              144.946298               5.911874e-31      B1u
353              145.590645               3.407464e-31      B1u
354                6.728832                        NaN      B2g
355                6.993684                        NaN      B2g
356               15.094165                        NaN      B2g
357               17.136640                        NaN      B2g
358               18.107283                        NaN      B2g
359               18.395069                        NaN      B2g
360               18.799510                        NaN      B2g
361               19.253470                        NaN      B2g
362               24.965362                        NaN      B2g
363               26.762471                        NaN      B2g
364               28.106571                        NaN      B2g
365               28.676146                        NaN      B2g
366               29.187024                        NaN      B2g
367               29.950900                        NaN      B2g
368               34.724895                        NaN      B2g
369               35.039344                        NaN      B2g
370               35.732098                        NaN      B2g
371               36.274173                        NaN      B2g
372               37.220101                        NaN      B2g
373               37.801802                        NaN      B2g
374               38.289814                        NaN      B2g
375               38.774120                        NaN      B2g
376               40.140720                        NaN      B2g
377               40.690695                        NaN      B2g
378               47.372737                        NaN      B2g
379               47.888948                        NaN      B2g
380               54.400982                        NaN      B2g
381               54.917699                        NaN      B2g
382              132.533224                        NaN      B2g
383              132.824678                        NaN      B2g
384              133.748453                        NaN      B2g
385              133.780870                        NaN      B2g
386              135.206698                        NaN      B2g
387              135.544789                        NaN      B2g
388              136.813374                        NaN      B2g
389              137.239199                        NaN      B2g
390              137.660696                        NaN      B2g
391              137.882444                        NaN      B2g
392              138.680737                        NaN      B2g
393              138.879853                        NaN      B2g
394              139.459152                        NaN      B2g
395              140.208793                        NaN      B2g
396              140.924589                        NaN      B2g
397              141.576748                        NaN      B2g
398              147.581836                        NaN      B2g
399              148.348710                        NaN      B2g
400              149.225247                        NaN      B2g
401              149.308952                        NaN      B2g
402              149.318076                        NaN      B2g
403              149.762628                        NaN      B2g
404              149.879656                        NaN      B2g
405              149.983580                        NaN      B2g
406              150.609548                        NaN      B2g
407              150.690665                        NaN      B2g
408              152.380885                        NaN      B2g
409              152.416042                        NaN      B2g
410              153.444772                        NaN      B2g
411              154.184378                        NaN      B2g
412              154.855332                        NaN      B2g
413              155.500043                        NaN      B2g
414              157.216255                        NaN      B2g
415              157.303705                        NaN      B2g
416              159.121832                        NaN      B2g
417              159.238370                        NaN      B2g
418              160.033193                        NaN      B2g
419              160.107839                        NaN      B2g
420              160.265728                        NaN      B2g
421              160.539478                        NaN      B2g
422              161.552585                        NaN      B2g
423              161.587661                        NaN      B2g
424              161.927942                        NaN      B2g
425              161.950789                        NaN      B2g
426              163.138264                        NaN      B2g
427              163.487068                        NaN      B2g
428                6.728832                        NaN      B3g
429                6.993684                        NaN      B3g
430               15.094165                        NaN      B3g
431               17.136640                        NaN      B3g
432               18.107283                        NaN      B3g
433               18.395069                        NaN      B3g
434               18.799510                        NaN      B3g
435               19.253470                        NaN      B3g
436               24.965362                        NaN      B3g
437               26.762471                        NaN      B3g
438               28.106571                        NaN      B3g
439               28.676146                        NaN      B3g
440               29.187024                        NaN      B3g
441               29.950900                        NaN      B3g
442               34.724895                        NaN      B3g
443               35.039344                        NaN      B3g
444               35.732098                        NaN      B3g
445               36.274173                        NaN      B3g
446               37.220101                        NaN      B3g
447               37.801802                        NaN      B3g
448               38.289814                        NaN      B3g
449               38.774120                        NaN      B3g
450               40.140720                        NaN      B3g
451               40.690695                        NaN      B3g
452               47.372737                        NaN      B3g
453               47.888948                        NaN      B3g
454               54.400982                        NaN      B3g
455               54.917699                        NaN      B3g
456              132.533224                        NaN      B3g
457              132.824678                        NaN      B3g
458              133.748453                        NaN      B3g
459              133.780870                        NaN      B3g
460              135.206698                        NaN      B3g
461              135.544789                        NaN      B3g
462              136.813374                        NaN      B3g
463              137.239199                        NaN      B3g
464              137.660696                        NaN      B3g
465              137.882444                        NaN      B3g
466              138.680737                        NaN      B3g
467              138.879853                        NaN      B3g
468              139.459152                        NaN      B3g
469              140.208793                        NaN      B3g
470              140.924589                        NaN      B3g
471              141.576748                        NaN      B3g
472              147.581836                        NaN      B3g
473              148.348710                        NaN      B3g
474              149.225247                        NaN      B3g
475              149.308952                        NaN      B3g
476              149.318076                        NaN      B3g
477              149.762628                        NaN      B3g
478              149.879656                        NaN      B3g
479              149.983580                        NaN      B3g
480              150.609548                        NaN      B3g
481              150.690665                        NaN      B3g
482              152.380885                        NaN      B3g
483              152.416042                        NaN      B3g
484              153.444772                        NaN      B3g
485              154.184378                        NaN      B3g
486              154.855332                        NaN      B3g
487              155.500043                        NaN      B3g
488              157.216255                        NaN      B3g
489              157.303705                        NaN      B3g
490              159.121832                        NaN      B3g
491              159.238370                        NaN      B3g
492              160.033193                        NaN      B3g
493              160.107839                        NaN      B3g
494              160.265728                        NaN      B3g
495              160.539478                        NaN      B3g
496              161.552585                        NaN      B3g
497              161.587661                        NaN      B3g
498              161.927942                        NaN      B3g
499              161.950789                        NaN      B3g
500              163.138264                        NaN      B3g
501              163.487068                        NaN      B3g
502               12.832064                        NaN       Au
503               14.413099                        NaN       Au
504               14.450475                        NaN       Au
505               15.265592                        NaN       Au
506               22.548977                        NaN       Au
507               23.427249                        NaN       Au
508               29.091904                        NaN       Au
509               30.892321                        NaN       Au
510               31.313965                        NaN       Au
511               32.148283                        NaN       Au
512               32.509811                        NaN       Au
513               32.632354                        NaN       Au
514               33.547994                        NaN       Au
515               33.846682                        NaN       Au
516               33.924825                        NaN       Au
517               34.283240                        NaN       Au
518               34.589523                        NaN       Au
519               34.892669                        NaN       Au
520               48.158118                        NaN       Au
521               49.253970                        NaN       Au
522               50.386941                        NaN       Au
523               50.994294                        NaN       Au
524               52.235493                        NaN       Au
525               52.724869                        NaN       Au
526              129.044772                        NaN       Au
527              129.382264                        NaN       Au
528              129.608470                        NaN       Au
529              129.640397                        NaN       Au
530              130.131081                        NaN       Au
531              130.434981                        NaN       Au
532              140.096211                        NaN       Au
533              140.868302                        NaN       Au
534              142.841129                        NaN       Au
535              143.014185                        NaN       Au
536              143.155654                        NaN       Au
537              143.703599                        NaN       Au
538              144.331448                        NaN       Au
539              144.642080                        NaN       Au
540              144.746316                        NaN       Au
541              144.946298                        NaN       Au
542              145.500754                        NaN       Au
543              145.590645                        NaN       Au
544              145.629935                        NaN       Au
545              145.832282                        NaN       Au
546              146.159265                        NaN       Au
547              146.452566                        NaN       Au
548              146.591717                        NaN       Au
549              146.753244                        NaN       Au
550              146.798526                        NaN       Au
551              146.833016                        NaN       Au
