    Excited state no.  Excitation energy (a.u)  Total oscillator strength
0                   1                 0.133186               4.790792e-02
1                   2                 0.185450               2.493024e-01
2                   3                 0.185450               2.493024e-01
3                   4                 0.563907               7.644814e-02
4                   5                 0.660538               2.095671e-01
5                   6                 0.667171               5.736661e-20
6                   7                 0.667171               9.536110e-29
7                   8                 0.696448               7.265026e-03
8                   9                 0.696448               7.265026e-03
9                  10                 0.751582               2.841067e-03
10                 11                 0.832864               3.392450e-03
11                 12                 0.832864               3.392450e-03
12                 13                 0.875929               1.185059e-03
13                 14                 1.090651               6.019052e-03
14                 15                 2.056459               6.181515e-02
15                 16                 2.124014               1.278397e-01
16                 17                 2.124014               1.278397e-01
17                 18                 2.228975               4.338421e-03
18                 19                 2.255429               1.083530e-03
19                 20                 2.255429               1.083530e-03
20                 21                 2.310328               1.918403e-26
21                 22                 2.310575               9.526485e-04
22                 23                 2.310575               9.526485e-04
23                 24                 2.316240               3.289299e-21
24                 25                 2.316240               1.864248e-28
25                 26                 2.376098               3.364540e-03
26                 27                 2.472470               2.232421e-02
27                 28                 2.548830               1.713097e-02
28                 29                 2.565747               8.688660e-06
29                 30                 2.565747               8.688660e-06
30                 31                 2.678089               6.297474e-05
31                 32                 2.678089               6.297474e-05
32                 33                 2.699051               1.318388e-04
33                 34                 2.744624               2.167210e-21
34                 35                 2.744624               1.039697e-28
35                 36                 2.778625               9.884918e-05
36                 37                 2.778625               9.884918e-05
37                 38                 2.790290               5.418307e-06
38                 39                 2.800582               6.917917e-31
39                 40                 2.811492               1.744038e-05
40                 41                 2.811492               1.744038e-05
41                 42                 2.877626               1.084739e-04
42                 43                 2.922682               3.688165e-08
43                 44                 2.922682               3.688165e-08
44                 45                 2.925239               1.510821e-22
45                 46                 2.925239               3.054525e-26
46                 47                 2.928229               6.978029e-32
47                 48                 2.980274               1.237334e-07
48                 49                 2.980274               1.237334e-07
49                 50                 3.013950               2.124947e-06
