195
195
Taken from: ./DaltonOutputs/CAS107_h2o_sto3g.out
     Excitation energy (eV)  Total oscillator strength
1                 15.622570               1.143958e-28
2                 16.403413               7.914109e-02
3                 18.440277               4.100133e-02
4                 19.969732               2.932215e-01
5                 28.742934               1.105970e+00
6                 30.568568               3.079772e-01
7                 32.200066               3.097141e-01
8                 33.745546               6.155392e-02
9                 34.443347               3.470360e-29
10                34.752778               2.631301e-03
11                35.301145               5.105170e-02
12                37.059061               7.056932e-02
13                38.435403               2.503942e-02
14                38.506185               2.426039e-27
15                39.129275               1.005919e-02
16                39.522539               1.994400e-03
17                41.473442               9.282053e-31
18                41.951941               9.049709e-05
19                42.780920               1.395945e-04
20                43.913485               3.971167e-03
21                44.757879               6.844896e-30
22                45.914971               8.653709e-08
23                46.119704               2.600870e-04
24                47.499104               1.262123e-03
25                49.052813               6.054918e-03
26                49.291865               1.438036e-04
27                51.762877               3.306433e-30
28                52.496728               1.330447e-04
29                52.608159               2.440636e-06
30                54.141347               4.016769e-04
31                54.752798               8.943788e-04
32                55.095379               2.718156e-30
33                55.984585               4.907946e-04
34                56.481119               1.410723e-05
35                56.685605               3.302683e-03
36                56.896060               1.505420e-03
37                58.074929               7.987330e-05
38                58.633372               4.307847e-03
39                58.850100               2.463818e-28
40                59.943971               1.393940e-03
41                60.838835               1.403725e-04
42                61.895508               1.024461e-03
43                61.930613               1.081371e-03
44                61.965944               7.223386e-28
45                63.587863               3.147668e-04
46                64.716260               1.643372e-30
47                65.451586               2.456276e-04
48                65.501649               8.255475e-05
49                66.265890               1.518365e-03
50                68.147607               9.589792e-06
51                68.853158               2.602120e-04
52                69.799380               1.796648e-04
53                70.146483               1.010900e-05
54                70.202111               1.605024e-30
55                70.749126               2.684239e-04
56                71.030268               3.525696e-04
57                71.781366               2.553054e-07
58                73.419146               2.015773e-04
59                73.572679               9.668913e-06
60                74.241962               1.516440e-30
61                74.755564               3.045129e-06
62                75.359945               1.495110e-05
63                75.603961               3.438479e-31
64                76.651673               4.309342e-05
65                76.688504               5.767199e-05
66                79.470894               2.321596e-05
67                79.728297               4.904098e-07
68                79.826139               1.031473e-07
69                80.530168               2.555596e-30
70                80.548481               8.677723e-06
71                80.843897               6.492950e-07
72                82.571401               2.194855e-06
73                83.036512               1.636345e-07
74                83.506521               4.112870e-32
75                84.596999               2.419042e-06
76                85.543278               6.660928e-06
77                86.099164               6.718152e-32
78                86.838307               1.531154e-05
79                87.507119               7.474813e-07
80                87.804456               5.521211e-06
81                90.207639               2.225367e-31
82                91.652420               8.961711e-06
83                92.389168               9.578070e-07
84                92.585534               4.502145e-06
85                92.705893               1.306150e-05
86                95.116986               2.048996e-07
87                96.200348               5.720490e-07
88                96.649372               2.931237e-05
89                98.213184               2.578955e-06
90                98.747771               3.136375e-32
91                99.168628               4.992743e-06
92                99.895561               2.979566e-07
93               102.548724               5.497402e-07
94               104.519763               3.197718e-29
95               104.528109               1.299176e-06
96               104.593571               2.083508e-08
97               106.942329               9.353039e-10
98               110.022928               1.731732e-07
99               110.741794               1.268167e-11
100              110.768167               4.079565e-07
101              114.222641               5.361054e-30
102              115.788662               2.312050e-07
103              118.194414               1.457888e-08
104              130.791556               4.910586e-10
105              288.609877               1.203348e-01
106              288.717906               6.729054e-02
107              303.212467               4.945063e-08
108              304.107695               8.344200e-31
109              305.401189               9.171384e-05
110              306.618817               1.671178e-04
111              307.884691               1.173948e-28
112              309.207900               4.618089e-04
113              310.244165               1.971577e-03
114              311.415833               8.196911e-04
115              311.501114               1.441104e-04
116              313.949949               5.930895e-04
117              315.283498               1.899912e-03
118              316.059105               1.478001e-03
119              321.522855               5.745642e-04
120              322.162486               1.285234e-03
121              324.163422               2.126216e-04
122              324.475754               2.664707e-05
123              325.394384               3.085540e-07
124              326.089390               2.529381e-29
125              326.108384               2.681312e-07
126              326.745484               4.714296e-29
127              327.828988               3.318814e-05
128              327.833586               7.483475e-04
129              328.221050               3.493515e-07
130              329.145122               8.920104e-08
131              329.339819               1.004905e-29
132              329.398977               3.408469e-06
133              331.730123               2.851037e-30
134              332.357482               3.310070e-06
135              332.543336               6.270779e-06
136              333.279785               1.337841e-05
137              334.837121               4.560521e-06
138              335.462166               3.419201e-09
139              338.023467               1.064740e-05
140              339.210836               1.372249e-05
141              340.244434               1.534083e-30
142              341.259474               1.439958e-06
143              342.835150               1.171535e-05
144              343.058719               4.474363e-30
145              343.487652               5.588074e-06
146              344.047989               2.390214e-05
147              345.054158               3.530430e-07
148              346.100028               1.791393e-06
149              347.281465               1.471543e-05
150              347.638941               1.333701e-05
151              348.861876               1.409542e-06
152              349.173066               2.537268e-09
153              350.651488               7.953803e-07
154              350.730238               1.184435e-29
155              351.303473               1.537627e-05
156              352.243464               2.936989e-05
157              353.457936               1.787988e-30
158              355.284746               5.002686e-08
159              355.448804               5.393607e-07
160              358.532263               6.877637e-08
161              358.995946               1.463452e-08
162              359.403572               6.646341e-06
163              361.596757               2.384590e-09
164              361.745086               1.765087e-07
165              363.961618               4.252441e-31
166              364.879295               1.877946e-08
167              365.517103               3.348582e-11
168              368.322000               1.563388e-30
169              368.527773               1.800053e-07
170              371.276831               5.240946e-07
171              372.733104               4.214625e-07
172              374.307011               5.817277e-08
173              377.418417               5.457632e-09
174              380.371779               3.599611e-07
175              638.566033               8.729943e-08
176              645.654466               4.644733e-07
177              646.529258               3.482751e-07
178              660.676329               9.536313e-10
179              661.102596               7.182040e-31
180              662.483874               5.620892e-08
181              662.693184               7.880852e-09
182              667.721905               3.017968e-08
183              668.240119               4.129105e-08
184              678.174348               8.168777e-08
185              678.653078               5.969951e-08
186              684.867536               5.601025e-09
187              685.211923               2.766457e-11
188              686.648059               2.392254e-31
189              687.332589               2.425859e-09
190              690.068478               1.679996e-10
191              690.988223               1.095602e-08
192              701.062292               6.216259e-11
193              702.987253               7.897765e-10
194              704.747314               6.622923e-09
195              713.562556               2.469439e-09
