

     ************************************************************************
     *************** Dalton - An Electronic Structure Program ***************
     ************************************************************************

    This is output from DALTON release Dalton2024.0-dev (2024)
         ( Web site: http://daltonprogram.org )

   ----------------------------------------------------------------------------

    NOTE:
     
    Dalton is an experimental code for the evaluation of molecular
    properties using (MC)SCF, DFT, CI, and CC wave functions.
    The authors accept no responsibility for the performance of
    the code or for the correctness of the results.
     
    The code (in whole or part) is provided under a licence and
    is not to be reproduced for further distribution without
    the written permission of the authors or their representatives.
     
    See the home page "http://daltonprogram.org" for further information.
     
    If results obtained with this code are published,
    the appropriate citations would be both of:
     
       K. Aidas, C. Angeli, K. L. Bak, V. Bakken,
       R. Bast, L. Boman, O. Christiansen, R. Cimiraglia,
       S. Coriani, P. Dahle, E. K. Dalskov, U. Ekstroem,
       T. Enevoldsen, J. J. Eriksen, P. Ettenhuber, B. Fernandez,
       L. Ferrighi, H. Fliegl, L. Frediani, K. Hald, A. Halkier,
       C. Haettig, H. Heiberg, T. Helgaker, A. C. Hennum,
       H. Hettema, E. Hjertenaes, S. Hoest, I.-M. Hoeyvik,
       M. F. Iozzi, B. Jansik, H. J. Aa. Jensen, D. Jonsson,
       P. Joergensen, J. Kauczor, S. Kirpekar,
       T. Kjaergaard, W. Klopper, S. Knecht, R. Kobayashi, H. Koch,
       J. Kongsted, A. Krapp, K. Kristensen, A. Ligabue,
       O. B. Lutnaes, J. I. Melo, K. V. Mikkelsen, R. H. Myhre,
       C. Neiss, C. B. Nielsen, P. Norman, J. Olsen,
       J. M. H. Olsen, A. Osted, M. J. Packer, F. Pawlowski,
       T. B. Pedersen, P. F. Provasi, S. Reine, Z. Rinkevicius,
       T. A. Ruden, K. Ruud, V. Rybkin, P. Salek, C. C. M. Samson,
       A. Sanchez de Meras, T. Saue, S. P. A. Sauer,
       B. Schimmelpfennig, K. Sneskov, A. H. Steindal,
       K. O. Sylvester-Hvid, P. R. Taylor, A. M. Teale,
       E. I. Tellgren, D. P. Tew, A. J. Thorvaldsen, L. Thoegersen,
       O. Vahtras, M. A. Watson, D. J. D. Wilson, M. Ziolkowski
       and H. Agren,
       "The Dalton quantum chemistry program system",
       WIREs Comput. Mol. Sci. 2014, 4:269-284 (doi: 10.1002/wcms.1172)
     
    and
     
       Dalton, a molecular electronic structure program,
       Release Dalton2024.0-dev (2024), see http://daltonprogram.org
   ----------------------------------------------------------------------------

    Authors in alphabetical order (Major contribution(s) in parenthesis):

  Kestutis Aidas,              Vilnius University,        Lithuania   (QM/MM)
  Celestino Angeli,            University of Ferrara,     Italy       (NEVPT2)
  Juan J. Aucar,               Northeast National UniversiArgentina   (LRESC, Relativistic Effects on EFG)
  Keld L. Bak,                 UNI-C,                     Denmark     (AOSOPPA, non-adiabatic coupling, magnetic properties)
  Vebjoern Bakken,             University of Oslo,        Norway      (DALTON; geometry optimizer, symmetry detection)
  Radovan Bast,                UiT The Arctic U. of NorwayNorway      (DALTON installation and execution frameworks)
  Pablo Baudin,                University of Valencia,    Spain       (Cholesky excitation energies)
  Linus Boman,                 NTNU,                      Norway      (Cholesky decomposition and subsystems)
  Bruno N. Cabral Tenorio,     Technical Univ. of Denmark,Denmark     (Lanczos-based CC methods)
  Ove Christiansen,            Aarhus University,         Denmark     (CC module)
  Renzo Cimiraglia,            University of Ferrara,     Italy       (NEVPT2)
  Sonia Coriani,               Technical Univ. of Denmark,Denmark     (CC and RESPONS modules)
  Janusz Cukras,               University of Warsaw,      Poland      (MChD in RESPONS)
  Paal Dahle,                  University of Oslo,        Norway      (Parallelization)
  Erik K. Dalskov,             UNI-C,                     Denmark     (SOPPA)
  Thomas Enevoldsen,           Univ. of Southern Denmark, Denmark     (SOPPA)
  Janus J. Eriksen,            Aarhus University,         Denmark     (Polarizable embedding, TDA)
  Rasmus Faber,                Technical Univ. of Denmark,Denmark     (Vib.avg. NMR w. SOPPA, parallel AO-SOPPA, CVS-CC and EOMCC)
  Tobias Fahleson,             KTH Stockholm,             Sweden      (Damped cubic response)
  Berta Fernandez,             U. of Santiago de CompostelSpain       (Doublet spin, ESR in RESPONS)
  Lara Ferrighi,               Aarhus University,         Denmark     (PCM Cubic response)
  Heike Fliegl,                University of Oslo,        Norway      (CCSD(R12))
  Luca Frediani,               UiT The Arctic U. of NorwayNorway      (PCM)
  Emmanuel Fromager,           Univ. Strasbourg,          France      (MC-srDFT)
  Bin Gao,                     UiT The Arctic U. of NorwayNorway      (Gen1Int library)
  Andre S. P. Gomes,           CNRS/Universite de Lille,  France      (Frozen density embedding)
  Christof Haettig,            Ruhr-University Bochum,    Germany     (CC module)
  Kasper Hald,                 Aarhus University,         Denmark     (CC module)
  Asger Halkier,               Aarhus University,         Denmark     (CC module)
  Frederik Beyer Hansen,       University of Copenhagen,  Denmark     (Parallel AO-SOPPA)
  Erik D. Hedegaard,           Univ. of Southern Denmark, Denmark     (Polarizable embedding, QM/MM, and MC-srDFT)
  Hanne Heiberg,               University of Oslo,        Norway      (Geometry analysis, selected one-electron integrals)
  Trygve Helgaker,             University of Oslo,        Norway      (DALTON; ABACUS, ERI, DFT modules, London, and much more)
  Alf Christian Hennum,        University of Oslo,        Norway      (Parity violation)
  Hinne Hettema,               University of Auckland,    New Zealand (Quadratic response in RESPONS; SIRIUS supersymmetry)
  Andreas E. Hillers-Bendtsen, University of Copenhagen,  Denmark     (MP3)
  Eirik Hjertenaes,            NTNU,                      Norway      (Cholesky decomposition)
  Nicolai Machholdt Hoeyer,    Aarhus University,         Denmark     (MP3)
  Pi A. B. Haase,              University of Copenhagen,  Denmark     (Triplet AO-SOPPA)
  Maria Francesca Iozzi,       University of Oslo,        Norway      (RPA)
  Christoph Jacob,             TU Braunschweig            Germany     (Frozen density embedding)
  Brano Jansik,                Technical Univ. of Ostrava Czech Rep.  (DFT cubic response)
  Hans Joergen Aa. Jensen,     Univ. of Southern Denmark, Denmark     (DALTON; SIRIUS, RESPONS, ABACUS, MC-srDFT, and much more)
  Dan Jonsson,                 UiT The Arctic U. of NorwayNorway      (Cubic response in RESPONS module)
  Poul Joergensen,             Aarhus University,         Denmark     (RESPONS, ABACUS, and CC modules)
  Maciej Kaminski,             University of Warsaw,      Poland      (CPPh in RESPONS)
  Joanna Kauczor,              Linkoeping University,     Sweden      (Complex polarization propagator (CPP) module)
  Sheela Kirpekar,             Univ. of Southern Denmark, Denmark     (Mass-velocity & Darwin integrals)
  Frederik Oersted Kjeldal,    Technical Univ. of Denmark,Denmark     (MP3)
  Erik Kjellgren,              Univ. of Southern Denmark, Denmark     (MC-srDFT)
  Wim Klopper,                 KIT Karlsruhe,             Germany     (R12 code in CC, SIRIUS, and ABACUS modules)
  Stefan Knecht,               ETH Zurich,                Switzerland (Parallel CI and MCSCF, MC-srDFT)
  Rika Kobayashi,              Australian National Univ., Australia   (DIIS in CC, London in MCSCF)
  Henrik Koch,                 NTNU,                      Norway      (CC module, Cholesky decomposition)
  Jacob Kongsted,              Univ. of Southern Denmark, Denmark     (Polarizable embedding, polarizable density embedding, QM/MM)
  Andrea Ligabue,              University of Modena,      Italy       (CTOCD, AOSOPPA)
  Nanna H. List,               Univ. of Southern Denmark, Denmark     (Polarizable embedding)
  Ola B. Lutnaes,              University of Oslo,        Norway      (DFT Hessian)
  Juan I. Melo,                University of Buenos Aires,Argentina   (LRESC, Relativistic Effects on NMR Shieldings)
  Kurt V. Mikkelsen,           University of Copenhagen,  Denmark     (MC-SCRF, QM/MM, and MP3)
  Rolf H. Myhre,               NTNU,                      Norway      (Subsystems and CC3)
  Christian Neiss,             Univ. Erlangen-Nuernberg,  Germany     (CCSD(R12))
  Christian B. Nielsen,        University of Copenhagen,  Denmark     (QM/MM)
  Patrick Norman,              KTH Stockholm,             Sweden      (Cubic response and complex frequency response in RESPONS)
  Jeppe Olsen,                 Aarhus University,         Denmark     (SIRIUS CI/density modules)
  Jogvan Magnus H. Olsen,      Aarhus University,         Denmark     (Polarizable embedding and polarizable density embedding)
  Anders Osted,                Copenhagen University,     Denmark     (QM/MM)
  Martin J. Packer,            University of Sheffield,   UK          (SOPPA)
  Filip Pawlowski,             Kazimierz Wielki UniversityPoland      (CC3)
  Morten N. Pedersen,          Univ. of Southern Denmark, Denmark     (Polarizable embedding)
  Thomas B. Pedersen,          University of Oslo,        Norway      (Cholesky decomposition)
  Patricio F. Provasi,         University of Northeastern,Argentina   (Analysis of coupling constants in localized orbitals)
  Peter Reinholdt,             Univ. of Southern Denmark, Denmark     (Polarizable embedding and polarizable density embedding)
  Zilvinas Rinkevicius,        KTH Stockholm,             Sweden      (open-shell DFT, ESR)
  Elias Rudberg,               KTH Stockholm,             Sweden      (DFT grid and basis info)
  Torgeir A. Ruden,            University of Oslo,        Norway      (Numerical derivatives in ABACUS)
  Kenneth Ruud,                UiT The Arctic U. of NorwayNorway      (DALTON; ABACUS magnetic properties and much more)
  Pawel Salek,                 KTH Stockholm,             Sweden      (DALTON; DFT code)
  Claire C. M. Samson,         University of Karlsruhe    Germany     (Boys localization, r12 integrals in ERI)
  Alfredo Sanchez de Meras,    University of Valencia,    Spain       (CC module, Cholesky decomposition)
  Trond Saue,                  Paul Sabatier University,  France      (direct Fock matrix construction)
  Stephan P. A. Sauer,         University of Copenhagen,  Denmark     (SOPPA(CCSD), SOPPA prop., AOSOPPA, vibrational g-factors)
  Bernd Schimmelpfennig,       Forschungszentrum KarlsruheGermany     (AMFI module)
  Anna K. Schnack-Petersen,    University of Copenhagen,  Denmark     (RPA(D) and HRPA(D) properties in AOSOPPA)
  Kristian Sneskov,            Aarhus University,         Denmark     (Polarizable embedding, QM/MM)
  Arnfinn H. Steindal,         UiT The Arctic U. of NorwayNorway      (parallel QM/MM, polarizable embedding)
  Casper Steinmann,            Aalborg University,        Denmark     (QFIT, polarizable embedding)
  K. O. Sylvester-Hvid,        University of Copenhagen,  Denmark     (MC-SCRF)
  Peter R. Taylor,             VLSCI/Univ. of Melbourne,  Australia   (Symmetry handling ABACUS, integral transformation)
  Andrew M. Teale,             University of Nottingham,  England     (DFT-AC, DFT-D)
  David P. Tew,                University of Bristol,     England     (CCSD(R12))
  Julien Toulouse,             Sorbonne Univ.,            France      (MC-srDFT)
  Olav Vahtras,                KTH Stockholm,             Sweden      (Triplet response, spin-orbit, ESR, TDDFT, open-shell DFT)
  Lucas Visscher,              Vrije Universiteit AmsterdaNetherlands (Frozen density embedding)
  David J. Wilson,             La Trobe University,       Australia   (DFT Hessian and DFT magnetizabilities)
  Luna Zamok,                  University of Copenhagen,  Denmark     (Block Lanczos RPA solver in SOPPA module)
  Hans Agren,                  KTH Stockholm,             Sweden      (SIRIUS module, RESPONS, MC-SCRF solvation)
 --------------------------------------------------------------------------------

     Date and time (Linux)  : Tue Jul  7 09:42:23 2026
     Host name              : n-62-31-23                              

 * Work memory size             :   512000000 =  3.815 gigabytes.

 * Directories for basis set searches:
   1) /work3/jochar/DaltonTests
   2) /zhome/d7/7/119775/My_Codes/Dalton_Release/dalton/build_omp_nov24/basis


Compilation information
-----------------------

 Who compiled             | soco
 Host                     | hpclogin1
 System                   | Linux-6.1.112-1.el9.elrepo.x86_64
 CMake generator          | Unix Makefiles
 Processor                | x86_64
 64-bit integers          | OFF
 MPI                      | OFF
 Fortran compiler         | /appl/intel/2023.2.0.49397/compiler/2023.2.0/linux
                          | /bin/intel64/ifort
 Fortran compiler version | ifort (IFORT) 2021.10.0 20230609
 C compiler               | /appl/intel/2023.2.0.49397/compiler/2023.2.0/linux
                          | /bin/intel64/icc
 C compiler version       | icc (ICC) 2021.10.0 20230609
 C++ compiler             | /appl/intel/2023.2.0.49397/compiler/2023.2.0/linux
                          | /bin/intel64/icpc
 C++ compiler version     | icpc (ICC) 2021.10.0 20230609
 Static linking           | OFF
 Last Git revision        | a531ac4fbf115ebda1c90140ce3fd6aa236a2033
 Git branch               | master
 Configuration time       | 2024-11-14 11:23:30.470039

 * Sequential calculation.


   Content of the .dal input file
 ----------------------------------

**DALTON INPUT
.RUN WAVE FUNCTIONS   !tipo di calcolo
.RUN RESPONSE
**INTEGRALS
.DIPLEN               !integrali dell'operatore dipolo elettrico
**WAVE FUNCTION
.HF
.CI
!*PRINT
!.PRINTL
!   0 11
*SCF INP              !parte da Hartree-Fock
.DOUBLY OCCUPIED
2
.THRESH               !soglia di convergenza
 1.0D-10
*CONFIGURATION INPUT
.SPIN MULTIPLICITY
1
.SYMMETRY
1
.INACTIVE ORBITALS !the inner electrons are kept frozen
0
.CAS SPACE
2
.ELECTRONS
2
**RESPONS
*LINEAR
.THCLR
1.0d-9
.DIPLEN
.SINGLE RESIDUE
.ROOTS
300
**END OF INPUT


   Content of the .mol file
 ----------------------------

BASIS
cc-pVDZ
test VQE
dalton test
Atomtypes=2 Angstrom Nosymmetry
Charge=3.0 Atoms=1
Li    0.0000000000000000  0.0000000000000000  0.0
Charge=1.0 Atoms=1
H     1.5950000000000000  0.0000000000000000  0.0


       *******************************************************************
       *********** Output from DALTON general input processing ***********
       *******************************************************************

 --------------------------------------------------------------------------------
   Overall default print level:    0
   Print level for DALTON.STAT:    1

    HERMIT 1- and 2-electron integral sections will be executed
    "Old" integral transformation used (limited to max 255 basis functions)
    Wave function sections will be executed (SIRIUS module)
    Dynamic molecular response properties section will be executed (RESPONSE module)
 --------------------------------------------------------------------------------


   ****************************************************************************
   *************** Output of molecule and basis set information ***************
   ****************************************************************************


    The two title cards from your ".mol" input:
    --------------------------------------------------------------------------------
 1: test VQE
 2: dalton test
    --------------------------------------------------------------------------------

  Coordinates are entered in Angstrom and converted to atomic units.
          - Conversion factor : 1 bohr = 0.52917721 A

  Atomic type no.    1
  --------------------
  Nuclear charge:   3.00000
  Number of symmetry independent centers:    1
  Number of basis sets to read;    2
  Basis set file used for this atomic type with Z =   3 :
     "/zhome/d7/7/119775/My_Codes/Dalton_Release/dalton/build_omp_nov24/basis/cc-pVDZ"

  Atomic type no.    2
  --------------------
  Nuclear charge:   1.00000
  Number of symmetry independent centers:    1
  Number of basis sets to read;    2
  Basis set file used for this atomic type with Z =   1 :
     "/zhome/d7/7/119775/My_Codes/Dalton_Release/dalton/build_omp_nov24/basis/cc-pVDZ"


                         SYMGRP: Point group information
                         -------------------------------

@    Point group: C1 


                                 Isotopic Masses
                                 ---------------

                           Li          7.016005
                           H           1.007825

                       Total mass:     8.023830 amu
                       Natural abundance:  92.486 %

 Center-of-mass coordinates (a.u.):    0.378585    0.000000    0.000000
 Center-of-mass coordinates (Angs):    0.200338    0.000000    0.000000


  Atoms and basis sets
  --------------------

  Number of atom types :    2
  Total number of atoms:    2

  Basis set used is "cc-pVDZ" from the basis set library.

  label    atoms   charge   prim   cont     basis
  ----------------------------------------------------------------------
  Li          1    3.0000    26    14      [9s4p1d|3s2p1d]                                    
  H           1    1.0000     7     5      [4s1p|2s1p]                                        
  ----------------------------------------------------------------------
  total:      2    4.0000    33    19
  ----------------------------------------------------------------------
  Spherical harmonic basis used.

  Threshold for neglecting AO integrals:  1.00D-12


  Cartesian Coordinates (a.u.)
  ----------------------------

  Total number of coordinates:    6
  Li      :     1  x   0.0000000000    2  y   0.0000000000    3  z   0.0000000000
  H       :     4  x   3.0141131694    5  y   0.0000000000    6  z   0.0000000000


   Interatomic separations (in Angstrom):
   --------------------------------------

            Li          H     
            ------      ------
 Li    :    0.000000
 H     :    1.595000    0.000000


  Max    interatomic separation is    1.5950 Angstrom (    3.0141 Bohr)
  between atoms    2 and    1, "H     " and "Li    ".

  Min HX interatomic separation is    1.5950 Angstrom (    3.0141 Bohr)


  Bond distances (Angstrom):
  --------------------------

                  atom 1     atom 2       distance
                  ------     ------       --------
  bond distance:  H          Li           1.595000




 Principal moments of inertia (u*A**2) and principal axes
 --------------------------------------------------------

   IA       0.000000          1.000000    0.000000    0.000000
   IB       2.241892          0.000000    1.000000    0.000000
   IC       2.241892          0.000000    0.000000    1.000000


 Rotational constants
 --------------------

@    The molecule is linear.

               B =       225425.23 MHz     (    7.519376 cm-1)


@  Nuclear repulsion energy :    0.995317637868 Hartree


                     .---------------------------------------.
                     | Starting in Integral Section (HERMIT) |
                     `---------------------------------------'



 ***************************************************************************************
 ****************** Output from **INTEGRALS input processing (HERMIT) ******************
 ***************************************************************************************



    *************************************************************************
    ****************** Output from HERMIT input processing ******************
    *************************************************************************


 Default print level:        1

 Calculation of one- and two-electron Hamiltonian integrals.

 The following one-electron property integrals are calculated as requested:
          - overlap integrals
          - dipole length integrals

 Center of mass  (bohr):      0.378584616687      0.000000000000      0.000000000000
 Operator center (bohr):      0.000000000000      0.000000000000      0.000000000000
 Gauge origin    (bohr):      0.000000000000      0.000000000000      0.000000000000
 Dipole origin   (bohr):      0.000000000000      0.000000000000      0.000000000000

Calculation of 2-electron integrals are postponed until they are needed.


     ************************************************************************
     ************************** Output from HERINT **************************
     ************************************************************************



                      Nuclear contribution to dipole moments
                      --------------------------------------

                 au               Debye          C m (/(10**-30)

      x      3.01411317         7.66111102        25.55471565
      y      0.00000000         0.00000000         0.00000000
      z      0.00000000         0.00000000         0.00000000


  Total CPU  time used in HERMIT:   0.02 seconds
  Total wall time used in HERMIT:   0.16 seconds


                        .----------------------------------.
                        | End of Integral Section (HERMIT) |
                        `----------------------------------'



                   .--------------------------------------------.
                   | Starting in Wave Function Section (SIRIUS) |
                   `--------------------------------------------'


     WARNING  Reference state is required for CI response and CI-NO
     WARNING  ".STATE" was not specified for "*CI INPUT",
     WARNING  the reference state is set to be state no.  1

 *** Output from Huckel module :

     Using EWMO model:          T
     Using EHT  model:          F
     Number of Huckel orbitals each symmetry:    6

 EWMO - Energy Weighted Maximum Overlap - is a Huckel type method,
        which normally is better than Extended Huckel Theory.
 Reference: Linderberg and Ohrn, Propagators in Quantum Chemistry (Wiley, 1973)

 Huckel EWMO eigenvalues for symmetry :  1
           -2.483509      -0.580536      -0.169654      -0.130000      -0.130000
           -0.070301

 **********************************************************************
 *SIRIUS* a direct, restricted step, second order MCSCF program       *
 **********************************************************************

 
     Date and time (Linux)  : Tue Jul  7 09:42:24 2026
     Host name              : n-62-31-23                              

 Title lines from ".mol" input file:
     test VQE
     dalton test

 Print level on unit LUPRI =   2 is   0
 Print level on unit LUW4  =   2 is   5

@    Configuration interaction calculation.

@    CI response calculation.

@    CI type: user specified active spaces.
@              Type: complete active space calculation (CAS).

@    This is a combination run starting with
@              a restricted, closed shell Hartree-Fock calculation


 Initial molecular orbitals are obtained according to
 ".MOSTART EWMO  " input option

     Wave function specification
     ============================
@    Wave function type        --- CI ---
@    Number of closed shell electrons           0
@    Number of electrons in active shells       2
@    Total charge of the molecule               2

@    Spin multiplicity and 2 M_S                1         0
@    Total number of symmetries                 1 (point group: C1 )
@    Reference state symmetry                   1 (irrep name : A  )

     Orbital specifications
     ======================
@    Abelian symmetry species          All |    1
@                                          |  A  
                                       --- |  ---
@    Inactive orbitals                   0 |    0
@    Active orbitals                     2 |    2
@    Secondary orbitals                 17 |   17
@    Total number of orbitals           19 |   19
@    Number of basis functions          19 |   19

      -- Initial occupation of symmetries is determined from user input.                      
      -- Initial occupation of symmetries is :
@    Occupied SCF orbitals               2 |    2

     Optimization information
     ========================
@    Number of configurations                 3
@    Number of orbital rotations              0
     ------------------------------------------
@    Total number of variables                3

     Maximum number of CI iterations         25
     Threshold for CI convergence      1.00D-05
     Number of CI roots to converge           1

@    Reference state in CI response calculation :       1


 ***********************************************
 ***** DIIS acceleration of SCF iterations *****
 ***********************************************

 C1-DIIS algorithm; max error vectors =    8

 Iter      Total energy        Error norm    Delta(E)  DIIS dim.
 -----------------------------------------------------------------------------

Calculating AOSUPINT

---> (Re)generating AOTWOINT


     ************************************************************************
     ************************** Output from HERINT **************************
     ************************************************************************


 Threshold for neglecting two-electron integrals:  1.00D-12
 HERMIT - Number of two-electron integrals written:        4420 ( 24.4% )
 HERMIT - Megabytes written:                              0.137

     (Precalculated AO two-electron integrals are transformed to P-supermatrix elements.
      Threshold for discarding integrals :  1.00D-12 )

@  1    -7.94016758073        5.67773D-01   -7.94D+00    1
      Virial theorem: -V/T =      1.966152
@    MULPOP   Li      0.63; H      -0.63; 
   1  Level shift: doubly occupied orbital energies shifted by -2.00D-01
 -----------------------------------------------------------------------------
@  2    -7.98001750402        1.47156D-01   -3.98D-02    2
      Virial theorem: -V/T =      1.993866
@    MULPOP   Li      0.31; H      -0.31; 
   2  Level shift: doubly occupied orbital energies shifted by -1.00D-01
 -----------------------------------------------------------------------------
@  3    -7.98343627348        2.48129D-02   -3.42D-03    3
      Virial theorem: -V/T =      1.999744
@    MULPOP   Li      0.16; H      -0.16; 
   3  Level shift: doubly occupied orbital energies shifted by -2.50D-02
 -----------------------------------------------------------------------------
@  4    -7.98361080820        3.17933D-03   -1.75D-04    4
      Virial theorem: -V/T =      2.000204
@    MULPOP   Li      0.12; H      -0.12; 
 -----------------------------------------------------------------------------
@  5    -7.98361538762        8.06677D-04   -4.58D-06    5
      Virial theorem: -V/T =      2.000147
@    MULPOP   Li      0.11; H      -0.11; 
 -----------------------------------------------------------------------------
@  6    -7.98361584448        1.88893D-04   -4.57D-07    6
      Virial theorem: -V/T =      2.000136
@    MULPOP   Li      0.11; H      -0.11; 
 -----------------------------------------------------------------------------
@  7    -7.98361586696        1.15249D-05   -2.25D-08    7
      Virial theorem: -V/T =      2.000131
@    MULPOP   Li      0.11; H      -0.11; 
 -----------------------------------------------------------------------------
@  8    -7.98361586701        1.39890D-06   -4.97D-11    8
      Virial theorem: -V/T =      2.000131
@    MULPOP   Li      0.11; H      -0.11; 
 -----------------------------------------------------------------------------
@  9    -7.98361586701        1.00717D-07   -7.74D-13    8
      Virial theorem: -V/T =      2.000131
@    MULPOP   Li      0.11; H      -0.11; 
 -----------------------------------------------------------------------------
@ 10    -7.98361586701        7.97241D-09    1.78D-15    8
      Virial theorem: -V/T =      2.000131
@    MULPOP   Li      0.11; H      -0.11; 
 -----------------------------------------------------------------------------
@ 11    -7.98361586701        9.42286D-10   -1.78D-15    8
      Virial theorem: -V/T =      2.000131
@    MULPOP   Li      0.11; H      -0.11; 
 -----------------------------------------------------------------------------
@ 12    -7.98361586701        2.30169D-10   -1.78D-15    8
      Virial theorem: -V/T =      2.000131
@    MULPOP   Li      0.11; H      -0.11; 
 -----------------------------------------------------------------------------
@ 13    -7.98361586701        1.56288D-11    1.78D-15    8

@ *** DIIS converged in  13 iterations !
@     Converged SCF energy, gradient:     -7.983615867012    1.56D-11
    - total time used in SIRFCK :              0.00 seconds

 --- Writing SIRIFC interface file

--------------------------------------------------------------------------------


     .--------------------------------------------------.
     | HF-SCF KT IPs [a.u. & eV] from Koopmans' theorem |
     `--------------------------------------------------'


     HF-SCF KT symmetry 1 ( A  ) in point group C1  -- 2 principal poles with pole strength 1

   ============  ============
       2.450579      0.300475
      66.683646      8.176353
   ============  ============

@ Summary of HF-SCF KT ionization potentials [eV]:

@ Symmetry 1 (A  ) :    66.684       8.176

  === End of HF-SCF KT output ===
--------------------------------------------------------------------------------


 CPU and wall time for SCF :       0.100       0.467


 ----- Output from SIRIUS CI module (CICTL) -----




 2-el. integral transformation level 0: Total CPU and WALL times (sec)       0.009       0.112

 (CIST1) 3 lowest diagonal elements:

 Element no. Config.no.    Active energy      Total energy

         1 :          1     -7.8991170915     -6.9037994536
         2 :          3     -5.8861642746     -4.8908466368
         3 :          2     -2.4293712484     -1.4340536105

Lowest 1 elements are used as separate start CI vectors.


 Convergence threshold for CI optimization :     0.00001000


 CI root     eigenvalue        residual norm

    1       -6.9037994536        0.0124200206

 CI root     eigenvalue        residual norm

    1       -6.9038542229        0.0003258910

 CI root     eigenvalue        residual norm

    1       -6.9038542454        0.0000000000 converged

 The requested root number is now converged.


 *** CI converged in  3 iterations.



@ Final CI energies and residuals in symmetry 1 (irrep A  )
@    1       -6.903854245366397       7.11D-15

 Writing SIRIFC interface file for CI root no. 1

 CPU and wall time for CI :       0.018       0.202


                       .-----------------------------------.
                       | --- Final results from SIRIUS --- |
                       `-----------------------------------'


@    Spin multiplicity:           1
@    Spatial symmetry:            1 ( irrep  A   in C1  )
@    Total charge of molecule:    2

@    This was a CI calculation.
@    State number:                1

@    Final CI energy:              -6.903854245366
@    Nuclear repulsion:             0.995317637868
@    Electronic energy:            -7.899171883235

@    Final gradient norm:           0.000000000000

 
     Date and time (Linux)  : Tue Jul  7 09:42:25 2026
     Host name              : n-62-31-23                              

 Occupancies of natural orbitals
 -------------------------------

 Symmetry 1  ( A  ) -- Total occupation in this symmetry is   2.000000000

   1.999994249   0.000005751

  Effective numbers of unpaired electrons this symmetry Eqs. 1) and 2):  0.00  0.00

  Total effective number of unpaired electrons :
  Eq. 1) sum(i) [(2 - n_i) n_i]    =  0.0000
  Eq. 2) sum(i) [(2 - n_i) n_i]**2 =  0.0000
 (Reference: M. Head-Gordon, Chemical Physics Letters 372 (2003) 508-511)

  --- NOTE THAT THE OCCUPATION NUMBERS ARE FOR ANALYSIS PURPOSE ONLY
  --- The orbital coefficients have NOT been transformed
  --- to ordered natural orbitals.

File label for MO orbitals:   7Jul26    CIORB  

 (Only coefficients > 0.0100 are printed.)

 Molecular orbitals for symmetry species 1  (A  )
 ------------------------------------------------

    Orbital         1        2        3        4        5        6        7
   1 Li  :1s    -0.9974  -0.0279   0.1248   0.0000  -0.0000   0.0119   0.4474
   2 Li  :1s     0.0066   0.2955   0.0541  -0.0000  -0.0000  -0.0351   1.5304
   3 Li  :1s     0.0047   0.1095  -0.8220  -0.0000  -0.0000  -0.7004  -1.6055
   4 Li  :2px    0.0141   0.2785   0.2020   0.0000   0.0000   0.3388  -0.7807
   5 Li  :2py   -0.0000   0.0000  -0.0000   0.0141   0.0807  -0.0000   0.0000
   6 Li  :2pz   -0.0000  -0.0000   0.0000  -0.0807   0.0141   0.0000  -0.0000
   7 Li  :2px   -0.0028   0.0082   0.4920   0.0000   0.0000  -1.1123   0.2986
   8 Li  :2py   -0.0000   0.0000  -0.0000   0.1624   0.9308  -0.0000   0.0000
   9 Li  :2pz   -0.0000  -0.0000   0.0000  -0.9308   0.1624   0.0000  -0.0000
  10 Li  :3d2-   0.0000  -0.0000   0.0000  -0.0091  -0.0521   0.0000  -0.0000
  12 Li  :3d0   -0.0024  -0.0282   0.0182  -0.0000   0.0000   0.0236  -0.0059
  13 Li  :3d1+   0.0000   0.0000  -0.0000   0.0521  -0.0091  -0.0000   0.0000
  14 Li  :3d2+   0.0042   0.0489  -0.0315   0.0000  -0.0000  -0.0408   0.0103
  15 H   :1s    -0.0062   0.6709   0.1163   0.0000   0.0000   0.1633  -0.0273
  16 H   :1s    -0.0100  -0.0921   0.0381  -0.0000  -0.0000   0.5037   0.3415
  17 H   :2px    0.0017  -0.0131  -0.0009  -0.0000  -0.0000  -0.0068  -0.0071

    Orbital         8        9       10       11       12
   1 Li  :1s     0.0000   0.0000  -0.3119  -0.0000  -0.0000
   2 Li  :1s    -0.0000   0.0000  -0.9731  -0.0000   0.0000
   3 Li  :1s    -0.0000   0.0000   0.4355  -0.0000   0.0000
   4 Li  :2px    0.0000  -0.0000  -0.7939   0.0000  -0.0000
   5 Li  :2py    0.0516  -1.2682  -0.0000   0.1549  -0.0005
   6 Li  :2pz   -1.2682  -0.0516  -0.0000   0.0005   0.1549
   7 Li  :2px    0.0000  -0.0000   0.2622   0.0000  -0.0000
   8 Li  :2py   -0.0352   0.8657  -0.0000  -0.0542   0.0002
   9 Li  :2pz    0.8657   0.0352  -0.0000  -0.0002  -0.0542
  10 Li  :3d2-  -0.0049   0.1200   0.0000   0.9928  -0.0031
  12 Li  :3d0   -0.0000  -0.0000  -0.3139   0.0000   0.0000
  13 Li  :3d1+   0.1200   0.0049   0.0000   0.0031   0.9928
  14 Li  :3d2+   0.0000   0.0000   0.5438  -0.0000  -0.0000
  15 H   :1s    -0.0000  -0.0000   0.1660   0.0000   0.0000
  16 H   :1s    -0.0000   0.0000   0.4318  -0.0000  -0.0000
  18 H   :2py    0.0004  -0.0105  -0.0000  -0.0034   0.0000
  19 H   :2pz   -0.0105  -0.0004  -0.0000  -0.0000  -0.0034

 Printout of CI-coefficients abs greater than 0.05000 for root  1
 *** NOTE: this root is the CI reference state ***

 Printout of coefficients in interval  3.1623E-01 to  1.0000E+00
 ===============================================================

  Coefficient of CSF no.         1 is      0.99998840    9.99988399E-01
  Orbital          1
  Spin coupling    2

 Printout of coefficients in interval  1.0000E-01 to  3.1623E-01
 ===============================================================
   ( no coefficients )

 Printout of coefficients in interval  5.0000E-02 to  1.0000E-01
 ===============================================================
   ( no coefficients )

 Norm of printed CI vector ..      0.99997680

 Magnitude of CI coefficients
 ============================
 ( Ranges are relative to norm of vector :  1.00E+00 )

  10- 1 to 10- 0         1    0.99997680E+00      0.9999767975
  10- 3 to 10- 2         2    0.23202467E-04      1.0000000000
  Number of coefficients less than 10^-11 times norm is            0

  Total CPU  time used in SIRIUS :   0.15 seconds
  Total wall time used in SIRIUS :   1.01 seconds

 
     Date and time (Linux)  : Tue Jul  7 09:42:25 2026
     Host name              : n-62-31-23                              


                     .---------------------------------------.
                     | End of Wave Function Section (SIRIUS) |
                     `---------------------------------------'



                 .------------------------------------------------.
                 | Starting in Dynamic Property Section (RESPONS) |
                 `------------------------------------------------'


 ----------------------------------------------------------------------------------------
  RESPONSE  -  an MCSCF, MC-srDFT, DFT, SOPPA and SOPPA-srDFT response property program
 ----------------------------------------------------------------------------------------

 This is a configuration interaction response calculation.
   Note: this is equivalent to a CI sum-over-states calculation of response properties.


 -------- OUTPUT FROM RESPONSE INPUT PROCESSING --------




  Linear Response single residue calculation
 -------------------------------------------


    4 input options by user.

 Print level                                    : IPRPP  =   2
 Maximum number of iterations for eigenval.eqs. : MAXITP =  60
 Threshold for convergence of eigenvalue eqs.   : THCPP  = 1.000D-03
 Maximum iterations in optimal orbital algorithm: MAXITO =   5

    300 Excitation energies are calculated for symmetry no.    1

      3 property residues are calculated with labels:

               XDIPLEN 
               YDIPLEN 
               ZDIPLEN 

 Old direct access AO file found, SORTA skipped.

 2-el. integral transformation level 4: Total CPU and WALL times (sec)       0.009       0.128


 CI energy            :       -6.903854245366397
 -- inactive part     :        0.995317637868339
 --   active part     :       -7.899171883234736
 -- nuclear repulsion :        0.995317637868339


                         *******************************
                         *** CI response calculation ***
                         *******************************

 ----------------------------------------------------------------
 ----- Linear response calculation
 ----- Symmetry of excitation/property operator(s)    1  ( A  )
 ----------------------------------------------------------------

 Number of excitations of this symmetry          300
 Number of response properties of this symmetry    0
 Number of C6/C8 properties of this symmetry       0


 Perturbation symmetry.     KSYMOP:           1
 Perturbation spin symmetry.TRPLET:           F
 Orbital variables.         KZWOPT:           0
 Configuration variables.   KZCONF:           3
 Total number of variables. KZVAR :           3

 ** RSPVAR ** Number of PP start vectors  300
   exceeds the maximum number of variables    2
   Number of start vectors reset to number of variables



 --- EXCITATION ENERGIES AND TRANSITION MOMENT CALCULATION (MCTDHF) ---

 Operator symmetry = 1  ( A  ); triplet =   F

RSPORT:    1 out of    3 new trial vectors linear dependent

 ** RSPCTL MICROITERATION NUMBER    1

      Root  Residual tot.,    conf., and orb.    Bnorm      Eigenvalue
      ----------------------------------------------------------------
         1    7.62495D-16  7.62D-16  0.00D+00  1.00D+00    2.01712D+00
         2    1.00256D-15  1.00D-15  0.00D+00  1.00D+00    5.47440D+00
         3    7.62495D-16  7.62D-16  0.00D+00  1.00D+00   -2.01712D+00

 *** THE REQUESTED    2 SOLUTION VECTORS CONVERGED

 Convergence of RSP solution vectors, threshold = 1.00D-03
 ---------------------------------------------------------------
 (dimension of paired reduced space:    4)
 RSP solution vector no.    1; norm of residual   7.62D-16
 RSP solution vector no.    2; norm of residual   1.00D-15

 *** RSPCTL MICROITERATIONS CONVERGED

@ Singlet transition operator label: XDIPLEN 
@ STATE NO:    1 *TRANSITION MOMENT: -0.12705598     *ENERGY(eV):   54.888570    
@ STATE NO:    2 *TRANSITION MOMENT: -3.88665188E-03 *ENERGY(eV):   148.96593    

@ Singlet transition operator label: YDIPLEN 
@ STATE NO:    1 *TRANSITION MOMENT: -1.00526948E-16 *ENERGY(eV):   54.888570    
@ STATE NO:    2 *TRANSITION MOMENT:  2.89983501E-18 *ENERGY(eV):   148.96593    

@ Singlet transition operator label: ZDIPLEN 
@ STATE NO:    1 *TRANSITION MOMENT: -5.54651301E-17 *ENERGY(eV):   54.888570    
@ STATE NO:    2 *TRANSITION MOMENT:  3.00595860E-18 *ENERGY(eV):   148.96593    


 **************************************************************************************
 *** @ Excit. operator sym 1 & ref. state sym 1 => excited state symmetry 1  ( A  ) ***
 **************************************************************************************



 @ Excited state no:    1 in symmetry 1  ( A  ) - singlet excitation
 -------------------------------------------------------------------

@ Excitation energy :   2.0171179     au
@                       54.888570     eV;   442706.20     cm-1;   5295.9422     kJ / mol

@ Total energy :       -4.8867364     au

@ Operator label: XDIPLEN ; Transition moment : -0.12705598     au
@ Oscillator strength (LENGTH)   :  2.17085209E-02  (X-polarization)

@ Operator label: YDIPLEN ; Transition moment : -1.00526948E-16 au
@ Oscillator strength (LENGTH)   :  1.35895481E-32  (Y-polarization)

@ Operator label: ZDIPLEN ; Transition moment : -5.54651301E-17 au
@ Oscillator strength (LENGTH)   :  4.13694831E-33  (Z-polarization)
@ Total oscillator strength (LENGTH)   :  2.17085209E-02

 Eigenvector for state no.  1

      Index(conf)                         Z operator          Y operator
      ----------                      --------------      --------------
           3                            0.9993267927        0.0000000000

        2 elements with absolute value ≤ 1.00D-01 are not printed.

 Printout of coefficients in interval  3.1623E-01 to  1.0000E+00
 ===============================================================

  Coefficient of CSF no.         3 is      0.99932679    9.99326793E-01
  Orbital          1   2
  Spin coupling    1  -1

 Printout of coefficients in interval  1.0000E-01 to  3.1623E-01
 ===============================================================
   ( no coefficients )

 Norm of printed CI vector ..      0.99865404

 Magnitude of CI coefficients
 ============================
 ( Ranges are relative to norm of vector :  1.00E+00 )

  10- 1 to 10- 0         1    0.99865404E+00      0.9986540386
  10- 2 to 10- 1         1    0.13250699E-02      0.9999791085
  10- 3 to 10- 2         1    0.20891504E-04      1.0000000000
  Number of coefficients less than 10^-11 times norm is            0


 @ Excited state no:    2 in symmetry 1  ( A  ) - singlet excitation
 -------------------------------------------------------------------

@ Excitation energy :   5.4743973     au
@                       148.96593     eV;   1201491.3     cm-1;   14373.028     kJ / mol

@ Total energy :       -1.4294569     au

@ Operator label: XDIPLEN ; Transition moment : -3.88665188E-03 au
@ Oscillator strength (LENGTH)   :  5.51310601E-05  (X-polarization)

@ Operator label: YDIPLEN ; Transition moment :  2.89983501E-18 au
@ Oscillator strength (LENGTH)   :  3.06896286E-35  (Y-polarization)

@ Operator label: ZDIPLEN ; Transition moment :  3.00595860E-18 au
@ Oscillator strength (LENGTH)   :  3.29769925E-35  (Z-polarization)
@ Total oscillator strength (LENGTH)   :  5.51310601E-05

 Eigenvector for state no.  2

      Index(conf)                         Z operator          Y operator
      ----------                      --------------      --------------
           2                            0.9993358239        0.0000000000

        2 elements with absolute value ≤ 1.00D-01 are not printed.

 Printout of coefficients in interval  3.1623E-01 to  1.0000E+00
 ===============================================================

  Coefficient of CSF no.         2 is      0.99933582    9.99335824E-01
  Orbital          2
  Spin coupling    2

 Printout of coefficients in interval  1.0000E-01 to  3.1623E-01
 ===============================================================
   ( no coefficients )

 Norm of printed CI vector ..      0.99867209

 Magnitude of CI coefficients
 ============================
 ( Ranges are relative to norm of vector :  1.00E+00 )

  10- 1 to 10- 0         1    0.99867209E+00      0.9986720889
  10- 2 to 10- 1         1    0.13256001E-02      0.9999976890
  10- 3 to 10- 2         1    0.23109627E-05      1.0000000000
  Number of coefficients less than 10^-11 times norm is            0


 Time used in polarization propagator calculation is      0.01 CPU seconds for symmetry 1

  Total CPU  time used in RESPONSE:   0.03 seconds
  Total wall time used in RESPONSE:   0.44 seconds


                   .-------------------------------------------.
                   | End of Dynamic Property Section (RESPONS) |
                   `-------------------------------------------'

  Total CPU  time used in DALTON:   0.24 seconds
  Total wall time used in DALTON:   2.01 seconds

 NOTE:    1 warnings have been issued.
 Check output, result, and error files for "WARNING".

 
     Date and time (Linux)  : Tue Jul  7 09:42:25 2026
     Host name              : n-62-31-23                              
