     Excitation energy (eV)  Total oscillator strength
1                 11.639354               3.287093e-03
2                 14.318975               5.950745e-28
3                 15.315780               6.278374e-02
4                 18.266085               6.629840e-02
5                 22.003352               1.062523e+00
6                 26.050472               5.279106e-02
7                 28.065340               1.496501e-04
8                 28.554732               4.067492e-01
9                 28.929419               1.010601e-27
10                30.801735               5.133736e-05
11                33.059021               3.534262e-29
12                34.105607               2.121552e-02
13                35.624950               2.943015e-03
14                35.755638               2.304350e-02
15                36.563452               3.790514e-28
16                36.723458               5.101712e-05
17                37.865572               5.110076e-02
18                38.246640               5.174907e-05
19                38.560513               1.833509e-02
20                39.590152               1.054197e-03
21                40.961519               7.376555e-04
22                41.014364               1.671717e-03
23                41.103813               1.439987e-04
24                41.429041               7.365232e-29
25                42.297449               2.742569e-04
26                45.846855               1.365078e-03
27                46.520196               2.104809e-04
28                48.003065               3.484019e-04
29                49.782247               6.849308e-05
30                49.850890               5.796083e-28
31                50.712400               1.429717e-03
32                51.650889               2.457106e-28
33                51.748401               3.228396e-04
34                53.061841               9.648334e-05
35                54.014675               4.538111e-06
36                55.142073               5.428600e-04
37                55.385632               1.602342e-04
38                55.416503               1.647387e-04
39                56.897084               1.079863e-30
40                57.675877               7.948116e-06
41                57.778328               3.484841e-30
42                57.803457               7.896157e-06
43                58.367922               1.172863e-04
44                59.346531               2.429713e-30
45                59.768763               1.029728e-04
46                60.061938               2.009336e-05
47                60.879094               1.286971e-07
48                62.297719               2.666858e-04
49                62.784934               3.694198e-07
50                63.180800               1.308420e-30
51                63.418062               1.106556e-04
52                64.135566               1.906804e-03
53                65.068558               5.024795e-05
54                65.859341               2.690877e-04
55                67.840105               8.110195e-05
56                69.217627               1.026123e-04
57                69.635145               4.328470e-04
58                71.178649               1.034173e-04
59                72.957619               2.010493e-04
60                73.008426               2.749893e-28
61                73.655156               2.005582e-07
62                74.838452               2.514277e-05
63                75.998594               2.084963e-05
64                76.500680               2.787346e-07
65                76.516402               1.430352e-05
66                76.786568               7.470912e-31
67                78.707189               9.156325e-05
68                79.485710               3.727756e-30
69                79.509275               1.844437e-06
70                79.672146               1.940233e-06
71                80.790951               3.079686e-08
72                81.051345               6.319793e-05
73                81.132800               1.122735e-28
74                81.394157               1.499434e-06
75                82.198711               1.770534e-05
76                82.645269               2.911271e-06
77                84.001203               2.781630e-05
78                84.320705               2.116119e-30
79                84.853785               6.240590e-06
80                85.876599               4.896260e-06
81                86.441450               6.054165e-06
82                87.870808               6.929742e-05
83                88.224736               2.466697e-05
84                90.499856               2.818916e-05
85                93.910201               1.698350e-31
86                96.776775               1.830859e-07
87                97.026062               2.664600e-06
88                98.403609               4.601322e-06
89               102.067023               1.491828e-07
90               102.422365               7.007339e-08
91               102.736393               2.161690e-07
92               103.211390               2.823001e-32
93               104.447304               5.543024e-31
94               105.367036               1.631571e-07
95               105.437533               1.666387e-08
96               106.946522               1.228176e-06
97               107.443592               5.709533e-07
98               109.272547               9.742512e-11
99               116.655158               5.694655e-10
100              117.240978               9.193817e-08
101              118.719929               2.406895e-29
102              120.269963               5.121436e-09
103              121.049845               4.038932e-08
104              125.451640               2.513091e-08
105              541.462641               4.560297e-02
106              543.889000               7.855946e-02
107              557.163347               1.783546e-05
108              557.347487               5.538826e-30
109              558.466093               3.798199e-04
110              559.224420               2.788247e-04
111              562.732840               6.289503e-04
112              566.088224               6.362512e-04
113              567.829454               2.420264e-28
114              568.513685               1.324507e-04
115              569.293836               4.149319e-03
116              569.883860               1.986206e-03
117              571.914021               1.678277e-03
118              572.280396               2.253582e-03
119              581.155584               1.836683e-03
120              581.647838               2.931102e-04
121              584.513008               1.421614e-28
122              585.167007               3.307830e-05
123              585.435937               1.681132e-07
124              585.456999               2.707321e-28
125              586.924238               2.018181e-09
126              587.020811               7.104868e-06
127              587.085819               2.552829e-06
128              587.595652               2.881101e-07
129              587.791982               4.606433e-07
130              588.791810               3.791841e-05
131              588.803294               1.716050e-27
132              589.965629               6.427736e-07
133              590.467842               7.759609e-06
134              590.700500               1.418500e-28
135              591.392350               2.778197e-04
136              591.735866               6.726326e-05
137              591.804058               1.591595e-04
138              593.674080               3.979970e-05
139              594.238227               2.574523e-04
140              594.684140               2.139546e-04
141              605.022975               2.515937e-30
142              606.857051               6.271371e-05
143              607.627378               1.528221e-06
144              608.068502               2.745003e-05
145              610.241795               5.481507e-06
146              610.776907               8.973774e-06
147              611.173513               1.607683e-29
148              613.320275               1.328908e-04
149              613.439380               4.320809e-07
150              613.854925               6.476607e-06
151              615.850718               1.413273e-05
152              616.396116               4.466552e-06
153              618.345513               5.545652e-07
154              618.839917               3.982693e-09
155              619.085446               2.805551e-08
156              619.237694               1.341520e-30
157              619.699689               7.460886e-31
158              621.176098               5.062213e-07
159              621.419531               1.685603e-05
160              622.195001               1.093873e-05
161              631.099306               1.120798e-05
162              633.182692               8.641186e-09
163              638.904325               8.837137e-08
164              639.134588               6.343125e-09
165              640.094442               1.163993e-30
166              640.968119               5.453495e-07
167              641.413297               7.239751e-07
168              643.845180               4.595838e-08
169              644.578065               1.739664e-06
170              644.741116               5.309716e-31
171              645.625160               5.988814e-06
172              659.112544               1.385310e-08
173              660.091148               3.711265e-10
174              661.055357               1.142086e-06
175             1176.209717               1.438769e-07
176             1188.727887               4.064741e-06
177             1189.137418               2.227659e-06
178             1208.702551               9.739325e-30
179             1210.028100               5.940535e-08
180             1211.020799               1.123397e-10
181             1211.777058               6.333211e-08
182             1213.872744               6.172723e-07
183             1214.265105               1.067976e-06
184             1231.729654               3.142665e-07
185             1233.999302               1.895779e-07
186             1249.389254               3.883416e-09
187             1249.843902               1.181442e-11
188             1250.824954               1.016231e-29
189             1251.398135               3.426887e-09
190             1251.841627               9.532579e-08
191             1253.864141               9.034630e-08
192             1275.122095               6.003911e-12
193             1275.953376               1.325484e-08
194             1276.826263               3.072334e-08
195             1293.732135               4.686087e-09
