     Excitation energy (eV)  Total oscillator strength
1                  8.760051               2.361626e-02
2                 10.875357               3.280363e-28
3                 11.176803               9.823670e-02
4                 13.113979               1.312384e-01
5                 14.874181               3.177909e-01
6                 18.493099               1.317140e-01
7                 25.259011               1.280013e-03
8                 26.375036               6.144700e-27
9                 26.468907               6.340797e-04
10                28.740528               4.694399e-04
11                29.031024               5.988002e-29
12                30.115373               1.442811e-03
13                31.063544               1.105029e-03
14                31.106483               3.387911e-04
15                31.966287               2.323023e-03
16                32.126614               4.918221e-03
17                32.299709               9.652909e-28
18                32.774074               5.797810e-05
19                33.458971               1.360289e-03
20                33.653857               4.469709e-03
21                34.615162               3.894420e-04
22                34.799721               1.717010e-05
23                35.135586               1.336991e-03
24                35.585017               1.062349e-03
25                36.407400               4.458369e-29
26                37.613390               1.716544e-03
27                38.455915               2.293137e-04
28                40.765695               1.590365e-05
29                42.266507               5.379797e-05
30                45.736331               8.328762e-31
31                47.595977               1.906895e-09
32                50.892671               1.219012e-03
33                51.172518               5.618598e-06
34                52.441048               1.090089e-07
35                52.874055               2.843330e-04
36                53.334828               3.876396e-31
37                54.629843               6.772736e-06
38                54.839118               4.670952e-05
39                55.596760               2.474102e-05
40                56.416337               2.738536e-04
41                56.460417               7.950379e-08
42                56.843923               6.197378e-30
43                57.253820               1.200110e-05
44                57.749396               7.636862e-30
45                57.937773               5.455195e-05
46                58.065435               1.428134e-06
47                58.456449               3.999344e-04
48                58.674013               2.824042e-05
49                58.718549               2.233585e-29
50                59.294639               2.166040e-30
51                59.637217               2.628102e-06
52                59.919239               2.185366e-04
53                61.034318               3.909939e-06
54                61.709945               5.018069e-05
55                62.130192               2.046603e-04
56                63.226586               8.479923e-06
57                63.658632               8.087716e-05
58                71.921831               1.261159e-05
59                73.062204               5.209648e-06
60                73.706727               2.853752e-32
61                75.528087               2.478202e-05
62                75.882809               8.490249e-06
63                76.702493               8.358324e-07
64                77.251513               1.748744e-07
65                77.567756               3.843026e-07
66                78.341746               1.973791e-04
67                78.960947               6.738718e-31
68                79.563369               2.934421e-31
69                79.741851               1.806180e-06
70                80.049220               1.680912e-05
71                80.557951               3.002520e-06
72                81.717385               2.827025e-05
73                81.997788               1.832030e-05
74                83.017217               1.104209e-05
75                83.367539               2.027808e-06
76                85.072216               1.140663e-05
77                85.278011               1.121543e-30
78                86.487764               1.346655e-05
79                89.189143               6.922968e-10
80                90.611891               1.743243e-08
81                90.816496               2.148429e-32
82                92.394352               1.138093e-07
83                92.774139               6.812070e-08
84                94.771159               2.145214e-08
85                96.694872               9.814720e-32
86                97.910193               6.524990e-08
87               100.205175               1.318031e-06
88               100.240876               1.932411e-07
89               101.865413               4.506911e-06
90               103.791763               1.361169e-05
91               114.203440               1.425784e-11
92               114.308142               9.313944e-08
93               115.150032               4.666882e-31
94               115.790366               9.668293e-09
95               116.072556               1.805811e-30
96               118.281134               1.390585e-08
97               118.363612               2.247684e-07
98               119.163330               1.779013e-08
99               132.135837               2.165069e-09
100              132.303843               2.166324e-11
101              133.584725               7.185378e-30
102              134.106209               2.749444e-08
103              134.777607               1.299968e-08
104              138.821447               1.300314e-07
105              550.312088               7.744823e-03
106              552.500157               1.720080e-02
107              574.133873               2.200287e-28
108              574.223725               6.162065e-06
109              574.932119               4.744374e-05
110              575.248098               1.773386e-04
111              576.694602               8.453457e-05
112              577.703056               2.245532e-04
113              580.322997               5.527758e-29
114              580.944369               2.604188e-04
115              581.809610               6.810952e-05
116              581.849965               6.928523e-06
117              583.295652               5.174557e-05
118              584.208894               3.286138e-04
119              596.838357               1.566948e-04
120              598.539669               1.269831e-05
121              604.788930               4.941930e-05
122              606.253529               9.183911e-06
123              608.804979               9.361159e-31
124              609.179489               7.230717e-08
125              609.230810               3.698762e-30
126              609.774793               4.277447e-08
127              610.212488               3.971047e-07
128              610.536386               1.259246e-06
129              610.576033               2.713792e-07
130              611.254059               5.312211e-07
131              612.646711               2.207536e-08
132              612.876838               4.207567e-09
133              613.172789               1.263396e-07
134              613.197443               1.563899e-07
135              613.549831               3.024108e-30
136              613.951988               4.091958e-07
137              614.203993               7.476706e-06
138              614.216265               1.254906e-27
139              615.166106               3.635057e-07
140              617.055883               1.519671e-06
141              630.767817               4.284632e-30
142              630.990705               3.367403e-07
143              632.043406               3.612619e-07
144              634.499942               3.150493e-08
145              634.908848               4.020741e-07
146              635.773844               3.319106e-06
147              635.982637               4.484343e-30
148              636.663411               2.844736e-06
149              638.333729               8.310995e-08
150              639.583086               6.923292e-09
151              640.443837               3.736381e-08
152              641.989472               2.271079e-07
153              653.770538               3.518646e-10
154              653.809750               2.698038e-30
155              654.080095               3.443145e-09
156              654.129293               3.812573e-10
157              654.736271               1.358381e-31
158              655.339847               1.777733e-10
159              656.072269               3.938548e-09
160              656.264626               1.891210e-09
161              657.198168               4.132718e-07
162              660.752575               3.201922e-08
163              677.538036               7.054426e-10
164              677.575343               1.854626e-11
165              678.061638               1.947764e-31
166              678.458489               3.954522e-11
167              678.635527               3.778396e-09
168              681.484533               3.403903e-10
169              681.627066               2.381733e-10
170              682.369339               1.686810e-08
171              682.572717               2.430310e-30
172              700.942643               1.060259e-09
173              701.258105               6.813907e-11
174              701.427578               8.027658e-09
175             1214.269432               1.378471e-06
176             1220.546149               8.916520e-06
177             1222.109798               2.306008e-06
178             1257.260396               1.323899e-07
179             1257.700949               4.605352e-30
180             1258.081854               3.021000e-07
181             1261.388638               1.105910e-07
182             1261.500803               2.037167e-12
183             1261.870960               6.111866e-07
184             1281.710383               1.793764e-07
185             1285.446127               5.195303e-08
186             1309.994484               1.709668e-09
187             1310.780540               4.518588e-09
188             1311.087838               4.850795e-15
189             1311.090287               4.581406e-31
190             1311.534513               3.423141e-09
191             1313.418249               5.625536e-10
192             1339.498471               7.413841e-10
193             1339.967786               5.062801e-09
194             1340.295684               2.083510e-14
195             1362.336727               2.314140e-10
