    Excitation energy (eV)  Total oscillator strength
1                12.288763               3.070452e-03
2                14.590566               1.555129e-29
3                16.246138               1.559310e-01
4                18.579627               3.967549e-01
5                28.559839               1.077767e-03
6                30.670959               1.005422e-04
7                31.532946               2.146752e-31
8                34.832421               6.328360e-03
9                35.357799               1.338531e-04
10               36.322599               1.947534e-03
11               36.808363               2.721297e-30
12               38.184571               8.853946e-04
13               41.371951               3.802236e-05
14               42.711579               6.858665e-04
15               54.319312               1.422982e-05
16               54.699510               3.003278e-05
17               56.724759               8.386505e-31
18               56.754773               1.199417e-06
19               81.159579               3.689558e-07
