    Excitation energy (eV)  Total oscillator strength
1                 9.338106               2.686314e-02
2                11.370023               2.095172e-28
3                11.643940               1.232806e-01
4                13.511916               1.137235e-01
5                27.003908               5.770859e-04
6                27.897024               1.551737e-30
7                28.246541               2.371359e-04
8                31.534829               2.835500e-04
9                32.123452               1.140965e-03
10               33.299600               3.710002e-30
11               33.433268               3.190545e-04
12               34.558092               8.544782e-05
13               36.520714               8.491300e-04
14               37.731063               4.194496e-05
15               54.713543               7.633702e-06
16               56.373245               2.870872e-33
17               57.265545               1.610879e-06
18               58.996628               4.399647e-07
19               91.140976               2.603086e-09
