    Excitation energy (eV)  Total oscillator strength
1                11.669712               2.525219e-03
2                14.511451               1.939406e-29
3                15.452337               7.051340e-02
4                18.342395               7.158613e-02
5                21.787163               1.078190e+00
6                26.541171               4.756786e-02
7                28.553953               8.162610e-05
8                28.903424               4.572669e-01
9                29.131915               8.177201e-28
10               32.201862               8.330411e-03
11               33.283110               7.760325e-31
12               35.111133               1.595826e-03
13               36.021366               5.126572e-03
14               36.633467               5.099110e-05
15               36.842548               2.757504e-04
16               37.280753               2.652488e-30
17               38.367503               1.040726e-03
18               39.852924               4.721411e-03
19               41.605564               1.109123e-02
20               41.689400               5.456338e-04
21               41.798890               9.023401e-03
22               42.285901               3.928183e-30
23               42.628944               3.089176e-03
24               44.537086               1.373621e-03
25               46.910745               1.328222e-03
26               48.959673               1.774858e-03
27               51.705355               1.144861e-07
28               52.505409               1.388403e-03
29               53.240029               4.715658e-32
30               53.751571               5.193166e-06
31               54.333669               1.121996e-05
32               56.309892               1.660370e-07
33               57.177900               9.688445e-34
34               58.492036               2.124760e-05
35               58.715007               7.002532e-05
36               59.163385               1.040316e-31
37               60.013486               4.153025e-06
38               60.319535               2.865635e-31
39               62.485981               3.543293e-06
40               62.859896               1.176915e-04
41               63.723548               2.078333e-05
42               64.632708               2.024495e-04
43               68.702935               3.721752e-06
44               80.503134               1.684235e-09
45               80.632861               6.053105e-06
46               82.709290               5.173539e-07
47               83.313013               4.368969e-31
48               83.644584               1.270507e-06
49               88.676064               6.527138e-06
