    Excitation energy (eV)  Total oscillator strength
1                 8.894067               2.522110e-02
2                11.031438               3.757945e-28
3                11.230854               1.034527e-01
4                13.228217               1.411448e-01
5                14.936061               3.053453e-01
6                18.612263               1.308536e-01
7                25.492555               9.854612e-04
8                26.765653               1.746971e-04
9                26.815710               3.440907e-29
10               29.113265               4.406419e-31
11               29.691899               1.910479e-05
12               30.444090               7.549227e-04
13               31.233708               1.061648e-05
14               31.599083               7.369849e-04
15               32.389699               1.910773e-03
16               32.765288               7.152138e-30
17               33.408875               1.820985e-04
18               34.257136               6.242251e-04
19               35.515506               6.090604e-04
20               35.563760               5.469007e-06
21               35.704731               1.674398e-05
22               36.837174               9.762555e-04
23               37.104562               1.643373e-30
24               38.011371               1.084862e-03
25               38.842654               4.476750e-04
26               42.007759               5.963055e-04
27               43.795222               8.200351e-05
28               52.880768               1.092092e-06
29               54.341694               2.728373e-32
30               54.841445               1.023465e-06
31               54.979121               2.384020e-05
32               56.016180               7.336931e-06
33               57.334357               2.027916e-06
34               58.489805               2.035574e-31
35               58.841493               4.190804e-06
36               58.951993               8.451962e-06
37               59.103724               1.050442e-10
38               59.500284               7.458896e-32
39               60.043024               2.354103e-31
40               60.251392               9.802809e-06
41               62.773549               7.345433e-06
42               63.279523               1.184357e-05
43               64.459162               8.198620e-06
44               90.699000               3.695482e-08
45               90.894280               2.103312e-08
46               92.052057               1.110732e-31
47               93.002094               3.911589e-08
48               93.464966               1.646906e-08
49               96.512025               2.372813e-08
